info it worked if it ends with ok
verbose cli [ 'node', '/usr/local/bin/npm', 'install', '--dev' ]
info using npm@1.1.21
info using node@v0.6.18
verbose config file /Users/rogopag/.npmrc
verbose config file /usr/local/etc/npmrc
verbose config file /usr/local/lib/node_modules/npm/npmrc
ERR! Couldn't read dependencies.
ERR! Failed to parse json
ERR! Unexpected number
ERR! File: /Users/rogopag/Desktop/JOBSTEMP/DEV/node/grabber/package.json
ERR! JSON.parse Failed to parse package.json data.
ERR! JSON.parse package.json must be actual JSON, not just JavaScript.
ERR! JSON.parse This is not a bug in npm.
ERR! JSON.parse Tell the package author to fix their package.json file.
ERR! 
ERR! System Darwin 11.4.0
ERR! command "node" "/usr/local/bin/npm" "install" "--dev"
ERR! cwd /Users/rogopag/Desktop/JOBSTEMP/DEV/node/grabber
ERR! node -v v0.6.18
ERR! npm -v 1.1.21
ERR! file /Users/rogopag/Desktop/JOBSTEMP/DEV/node/grabber/package.json
ERR! code EJSONPARSE
ERR! message Failed to parse json
ERR! message Unexpected number
ERR! errno {}
verbose exit [ 1, true ]
